{"/Users/nicktaras/Documents/alphawallet/token-negotiator/src/core/index.ts": {"path":"/Users/nicktaras/Documents/alphawallet/token-negotiator/src/core/index.ts","statementMap":{"0":{"start":{"line":2,"column":0},"end":{"line":2,"column":48}},"1":{"start":{"line":7,"column":28},"end":{"line":29,"column":1}},"2":{"start":{"line":9,"column":2},"end":{"line":9,"column":56}},"3":{"start":{"line":9,"column":40},"end":{"line":9,"column":56}},"4":{"start":{"line":10,"column":17},"end":{"line":10,"column":19}},"5":{"start":{"line":11,"column":2},"end":{"line":28,"column":null}},"6":{"start":{"line":16,"column":21},"end":{"line":16,"column":40}},"7":{"start":{"line":17,"column":4},"end":{"line":24,"column":null}},"8":{"start":{"line":18,"column":22},"end":{"line":18,"column":23}},"9":{"start":{"line":19,"column":6},"end":{"line":22,"column":null}},"10":{"start":{"line":21,"column":8},"end":{"line":21,"column":76}},"11":{"start":{"line":21,"column":62},"end":{"line":21,"column":76}},"12":{"start":{"line":23,"column":6},"end":{"line":23,"column":37}},"13":{"start":{"line":23,"column":21},"end":{"line":23,"column":37}},"14":{"start":{"line":25,"column":4},"end":{"line":25,"column":15}},"15":{"start":{"line":27,"column":4},"end":{"line":27,"column":25}},"16":{"start":{"line":7,"column":13},"end":{"line":7,"column":28}},"17":{"start":{"line":32,"column":26},"end":{"line":56,"column":1}},"18":{"start":{"line":33,"column":25},"end":{"line":33,"column":67}},"19":{"start":{"line":34,"column":20},"end":{"line":34,"column":22}},"20":{"start":{"line":35,"column":20},"end":{"line":35,"column":65}},"21":{"start":{"line":36,"column":2},"end":{"line":54,"column":null}},"22":{"start":{"line":37,"column":4},"end":{"line":47,"column":null}},"23":{"start":{"line":38,"column":6},"end":{"line":38,"column":42}},"24":{"start":{"line":39,"column":6},"end":{"line":43,"column":null}},"25":{"start":{"line":40,"column":8},"end":{"line":42,"column":null}},"26":{"start":{"line":41,"column":10},"end":{"line":41,"column":66}},"27":{"start":{"line":41,"column":41},"end":{"line":41,"column":66}},"28":{"start":{"line":44,"column":6},"end":{"line":46,"column":null}},"29":{"start":{"line":45,"column":8},"end":{"line":45,"column":32}},"30":{"start":{"line":49,"column":4},"end":{"line":49,"column":53}},"31":{"start":{"line":51,"column":4},"end":{"line":53,"column":null}},"32":{"start":{"line":52,"column":6},"end":{"line":52,"column":29}},"33":{"start":{"line":55,"column":2},"end":{"line":55,"column":16}},"34":{"start":{"line":32,"column":13},"end":{"line":32,"column":26}},"35":{"start":{"line":59,"column":28},"end":{"line":66,"column":1}},"36":{"start":{"line":60,"column":2},"end":{"line":65,"column":5}},"37":{"start":{"line":61,"column":4},"end":{"line":64,"column":null}},"38":{"start":{"line":62,"column":25},"end":{"line":62,"column":84}},"39":{"start":{"line":63,"column":6},"end":{"line":63,"column":106}},"40":{"start":{"line":63,"column":63},"end":{"line":63,"column":106}},"41":{"start":{"line":59,"column":13},"end":{"line":59,"column":28}},"42":{"start":{"line":68,"column":32},"end":{"line":84,"column":1}},"43":{"start":{"line":69,"column":2},"end":{"line":83,"column":5}},"44":{"start":{"line":70,"column":19},"end":{"line":70,"column":51}},"45":{"start":{"line":71,"column":4},"end":{"line":71,"column":30}},"46":{"start":{"line":72,"column":4},"end":{"line":72,"column":31}},"47":{"start":{"line":73,"column":4},"end":{"line":73,"column":32}},"48":{"start":{"line":74,"column":4},"end":{"line":74,"column":31}},"49":{"start":{"line":75,"column":4},"end":{"line":75,"column":38}},"50":{"start":{"line":76,"column":4},"end":{"line":82,"column":6}},"51":{"start":{"line":77,"column":6},"end":{"line":80,"column":14}},"52":{"start":{"line":81,"column":6},"end":{"line":81,"column":20}},"53":{"start":{"line":68,"column":13},"end":{"line":68,"column":32}},"54":{"start":{"line":87,"column":25},"end":{"line":108,"column":1}},"55":{"start":{"line":97,"column":2},"end":{"line":107,"column":null}},"56":{"start":{"line":98,"column":4},"end":{"line":104,"column":14}},"57":{"start":{"line":99,"column":6},"end":{"line":103,"column":null}},"58":{"start":{"line":100,"column":30},"end":{"line":100,"column":104}},"59":{"start":{"line":101,"column":31},"end":{"line":101,"column":66}},"60":{"start":{"line":102,"column":8},"end":{"line":102,"column":32}},"61":{"start":{"line":106,"column":4},"end":{"line":106,"column":57}},"62":{"start":{"line":87,"column":13},"end":{"line":87,"column":25}},"63":{"start":{"line":110,"column":29},"end":{"line":110,"column":142}},"64":{"start":{"line":110,"column":76},"end":{"line":110,"column":142}},"65":{"start":{"line":110,"column":13},"end":{"line":110,"column":29}},"66":{"start":{"line":112,"column":28},"end":{"line":134,"column":1}},"67":{"start":{"line":114,"column":20},"end":{"line":114,"column":63}},"68":{"start":{"line":115,"column":25},"end":{"line":115,"column":52}},"69":{"start":{"line":116,"column":26},"end":{"line":116,"column":56}},"70":{"start":{"line":117,"column":22},"end":{"line":117,"column":48}},"71":{"start":{"line":119,"column":2},"end":{"line":119,"column":51}},"72":{"start":{"line":119,"column":44},"end":{"line":119,"column":51}},"73":{"start":{"line":121,"column":21},"end":{"line":121,"column":53}},"74":{"start":{"line":122,"column":25},"end":{"line":122,"column":29}},"75":{"start":{"line":124,"column":17},"end":{"line":128,"column":4}},"76":{"start":{"line":125,"column":4},"end":{"line":127,"column":null}},"77":{"start":{"line":126,"column":6},"end":{"line":126,"column":31}},"78":{"start":{"line":130,"column":2},"end":{"line":130,"column":139}},"79":{"start":{"line":130,"column":24},"end":{"line":130,"column":139}},"80":{"start":{"line":132,"column":2},"end":{"line":132,"column":46}},"81":{"start":{"line":112,"column":13},"end":{"line":112,"column":28}}},"fnMap":{"0":{"name":"(anonymous_0)","decl":{"start":{"line":7,"column":28},"end":{"line":7,"column":29}},"loc":{"start":{"line":7,"column":64},"end":{"line":29,"column":1}}},"1":{"name":"(anonymous_1)","decl":{"start":{"line":17,"column":26},"end":{"line":17,"column":27}},"loc":{"start":{"line":17,"column":41},"end":{"line":24,"column":5}}},"2":{"name":"(anonymous_2)","decl":{"start":{"line":19,"column":25},"end":{"line":19,"column":28}},"loc":{"start":{"line":19,"column":31},"end":{"line":22,"column":7}}},"3":{"name":"(anonymous_3)","decl":{"start":{"line":32,"column":26},"end":{"line":32,"column":27}},"loc":{"start":{"line":32,"column":56},"end":{"line":56,"column":1}}},"4":{"name":"(anonymous_4)","decl":{"start":{"line":40,"column":23},"end":{"line":40,"column":24}},"loc":{"start":{"line":40,"column":37},"end":{"line":42,"column":9}}},"5":{"name":"(anonymous_5)","decl":{"start":{"line":59,"column":28},"end":{"line":59,"column":29}},"loc":{"start":{"line":59,"column":96},"end":{"line":66,"column":1}}},"6":{"name":"(anonymous_6)","decl":{"start":{"line":60,"column":23},"end":{"line":60,"column":24}},"loc":{"start":{"line":60,"column":42},"end":{"line":65,"column":3}}},"7":{"name":"(anonymous_7)","decl":{"start":{"line":68,"column":32},"end":{"line":68,"column":33}},"loc":{"start":{"line":68,"column":87},"end":{"line":84,"column":1}}},"8":{"name":"(anonymous_8)","decl":{"start":{"line":69,"column":21},"end":{"line":69,"column":22}},"loc":{"start":{"line":69,"column":41},"end":{"line":83,"column":3}}},"9":{"name":"(anonymous_9)","decl":{"start":{"line":76,"column":20},"end":{"line":76,"column":23}},"loc":{"start":{"line":76,"column":25},"end":{"line":82,"column":5}}},"10":{"name":"(anonymous_10)","decl":{"start":{"line":87,"column":25},"end":{"line":87,"column":30}},"loc":{"start":{"line":96,"column":5},"end":{"line":108,"column":1}}},"11":{"name":"(anonymous_11)","decl":{"start":{"line":97,"column":21},"end":{"line":97,"column":22}},"loc":{"start":{"line":97,"column":41},"end":{"line":107,"column":3}}},"12":{"name":"(anonymous_12)","decl":{"start":{"line":98,"column":39},"end":{"line":98,"column":48}},"loc":{"start":{"line":98,"column":53},"end":{"line":104,"column":5}}},"13":{"name":"(anonymous_13)","decl":{"start":{"line":110,"column":29},"end":{"line":110,"column":30}},"loc":{"start":{"line":110,"column":76},"end":{"line":110,"column":142}}},"14":{"name":"(anonymous_14)","decl":{"start":{"line":112,"column":28},"end":{"line":112,"column":29}},"loc":{"start":{"line":112,"column":129},"end":{"line":134,"column":1}}},"15":{"name":"(anonymous_15)","decl":{"start":{"line":124,"column":41},"end":{"line":124,"column":42}},"loc":{"start":{"line":124,"column":60},"end":{"line":128,"column":3}}}},"branchMap":{"0":{"loc":{"start":{"line":7,"column":58},"end":{"line":7,"column":60}},"type":"default-arg","locations":[{"start":{"line":7,"column":58},"end":{"line":7,"column":60}}]},"1":{"loc":{"start":{"line":9,"column":2},"end":{"line":9,"column":56}},"type":"if","locations":[{"start":{"line":9,"column":2},"end":{"line":9,"column":56}},{"start":{"line":9,"column":2},"end":{"line":9,"column":56}}]},"2":{"loc":{"start":{"line":11,"column":2},"end":{"line":28,"column":null}},"type":"if","locations":[{"start":{"line":11,"column":2},"end":{"line":28,"column":null}},{"start":{"line":11,"column":2},"end":{"line":28,"column":null}}]},"3":{"loc":{"start":{"line":12,"column":4},"end":{"line":12,"column":24}},"type":"binary-expr","locations":[{"start":{"line":12,"column":4},"end":{"line":12,"column":24}},{"start":{"line":13,"column":7},"end":{"line":13,"column":33}},{"start":{"line":14,"column":7},"end":{"line":14,"column":33}}]},"4":{"loc":{"start":{"line":21,"column":8},"end":{"line":21,"column":76}},"type":"if","locations":[{"start":{"line":21,"column":8},"end":{"line":21,"column":76}},{"start":{"line":21,"column":8},"end":{"line":21,"column":76}}]},"5":{"loc":{"start":{"line":23,"column":6},"end":{"line":23,"column":37}},"type":"if","locations":[{"start":{"line":23,"column":6},"end":{"line":23,"column":37}},{"start":{"line":23,"column":6},"end":{"line":23,"column":37}}]},"6":{"loc":{"start":{"line":37,"column":4},"end":{"line":47,"column":null}},"type":"if","locations":[{"start":{"line":37,"column":4},"end":{"line":47,"column":null}},{"start":{"line":37,"column":4},"end":{"line":47,"column":null}}]},"7":{"loc":{"start":{"line":37,"column":8},"end":{"line":37,"column":22}},"type":"binary-expr","locations":[{"start":{"line":37,"column":8},"end":{"line":37,"column":22}},{"start":{"line":37,"column":26},"end":{"line":37,"column":47}}]},"8":{"loc":{"start":{"line":39,"column":6},"end":{"line":43,"column":null}},"type":"if","locations":[{"start":{"line":39,"column":6},"end":{"line":43,"column":null}},{"start":{"line":39,"column":6},"end":{"line":43,"column":null}}]},"9":{"loc":{"start":{"line":41,"column":10},"end":{"line":41,"column":66}},"type":"if","locations":[{"start":{"line":41,"column":10},"end":{"line":41,"column":66}},{"start":{"line":41,"column":10},"end":{"line":41,"column":66}}]},"10":{"loc":{"start":{"line":41,"column":14},"end":{"line":41,"column":24}},"type":"binary-expr","locations":[{"start":{"line":41,"column":14},"end":{"line":41,"column":24}},{"start":{"line":41,"column":28},"end":{"line":41,"column":39}}]},"11":{"loc":{"start":{"line":44,"column":6},"end":{"line":46,"column":null}},"type":"if","locations":[{"start":{"line":44,"column":6},"end":{"line":46,"column":null}},{"start":{"line":44,"column":6},"end":{"line":46,"column":null}}]},"12":{"loc":{"start":{"line":51,"column":4},"end":{"line":53,"column":null}},"type":"if","locations":[{"start":{"line":51,"column":4},"end":{"line":53,"column":null}},{"start":{"line":51,"column":4},"end":{"line":53,"column":null}}]},"13":{"loc":{"start":{"line":61,"column":4},"end":{"line":64,"column":null}},"type":"if","locations":[{"start":{"line":61,"column":4},"end":{"line":64,"column":null}},{"start":{"line":61,"column":4},"end":{"line":64,"column":null}}]},"14":{"loc":{"start":{"line":63,"column":6},"end":{"line":63,"column":106}},"type":"if","locations":[{"start":{"line":63,"column":6},"end":{"line":63,"column":106}},{"start":{"line":63,"column":6},"end":{"line":63,"column":106}}]},"15":{"loc":{"start":{"line":63,"column":10},"end":{"line":63,"column":22}},"type":"binary-expr","locations":[{"start":{"line":63,"column":10},"end":{"line":63,"column":22}},{"start":{"line":63,"column":26},"end":{"line":63,"column":61}}]},"16":{"loc":{"start":{"line":88,"column":11},"end":{"line":88,"column":13}},"type":"default-arg","locations":[{"start":{"line":88,"column":11},"end":{"line":88,"column":13}}]},"17":{"loc":{"start":{"line":89,"column":14},"end":{"line":89,"column":29}},"type":"default-arg","locations":[{"start":{"line":89,"column":14},"end":{"line":89,"column":29}}]},"18":{"loc":{"start":{"line":90,"column":17},"end":{"line":90,"column":41}},"type":"default-arg","locations":[{"start":{"line":90,"column":17},"end":{"line":90,"column":41}}]},"19":{"loc":{"start":{"line":91,"column":25},"end":{"line":91,"column":35}},"type":"default-arg","locations":[{"start":{"line":91,"column":25},"end":{"line":91,"column":35}}]},"20":{"loc":{"start":{"line":99,"column":6},"end":{"line":103,"column":null}},"type":"if","locations":[{"start":{"line":99,"column":6},"end":{"line":103,"column":null}},{"start":{"line":99,"column":6},"end":{"line":103,"column":null}}]},"21":{"loc":{"start":{"line":119,"column":2},"end":{"line":119,"column":51}},"type":"if","locations":[{"start":{"line":119,"column":2},"end":{"line":119,"column":51}},{"start":{"line":119,"column":2},"end":{"line":119,"column":51}}]},"22":{"loc":{"start":{"line":119,"column":8},"end":{"line":119,"column":22}},"type":"binary-expr","locations":[{"start":{"line":119,"column":8},"end":{"line":119,"column":22}},{"start":{"line":119,"column":26},"end":{"line":119,"column":41}}]},"23":{"loc":{"start":{"line":125,"column":4},"end":{"line":127,"column":null}},"type":"if","locations":[{"start":{"line":125,"column":4},"end":{"line":127,"column":null}},{"start":{"line":125,"column":4},"end":{"line":127,"column":null}}]},"24":{"loc":{"start":{"line":130,"column":2},"end":{"line":130,"column":139}},"type":"if","locations":[{"start":{"line":130,"column":2},"end":{"line":130,"column":139}},{"start":{"line":130,"column":2},"end":{"line":130,"column":139}}]}},"s":{"0":3,"1":3,"2":2,"3":0,"4":2,"5":2,"6":2,"7":2,"8":6,"9":6,"10":6,"11":5,"12":6,"13":1,"14":2,"15":0,"16":3,"17":3,"18":1,"19":1,"20":1,"21":1,"22":1,"23":0,"24":0,"25":0,"26":0,"27":0,"28":0,"29":0,"30":0,"31":0,"32":0,"33":1,"34":3,"35":3,"36":0,"37":0,"38":0,"39":0,"40":0,"41":3,"42":3,"43":0,"44":0,"45":0,"46":0,"47":0,"48":0,"49":0,"50":0,"51":0,"52":0,"53":3,"54":3,"55":0,"56":0,"57":0,"58":0,"59":0,"60":0,"61":0,"62":3,"63":3,"64":0,"65":3,"66":3,"67":1,"68":1,"69":1,"70":1,"71":1,"72":1,"73":0,"74":0,"75":0,"76":0,"77":0,"78":0,"79":0,"80":0,"81":3},"f":{"0":2,"1":6,"2":6,"3":1,"4":0,"5":0,"6":0,"7":0,"8":0,"9":0,"10":0,"11":0,"12":0,"13":0,"14":1,"15":0},"b":{"0":[0],"1":[0,2],"2":[2,0],"3":[2,2,2],"4":[5,1],"5":[1,5],"6":[0,1],"7":[1,0],"8":[0,0],"9":[0,0],"10":[0,0],"11":[0,0],"12":[0,0],"13":[0,0],"14":[0,0],"15":[0,0],"16":[0],"17":[0],"18":[0],"19":[0],"20":[0,0],"21":[1,0],"22":[1,0],"23":[0,0],"24":[0,0]}}
,"/Users/nicktaras/Documents/alphawallet/token-negotiator/src/outlet/index.ts": {"path":"/Users/nicktaras/Documents/alphawallet/token-negotiator/src/outlet/index.ts","statementMap":{"0":{"start":{"line":2,"column":0},"end":{"line":2,"column":null}},"1":{"start":{"line":5,"column":0},"end":{"line":5,"column":44}},"2":{"start":{"line":13,"column":26},"end":{"line":13,"column":45}},"3":{"start":{"line":14,"column":4},"end":{"line":14,"column":108}},"4":{"start":{"line":14,"column":57},"end":{"line":14,"column":97}},"5":{"start":{"line":15,"column":4},"end":{"line":15,"column":83}},"6":{"start":{"line":10,"column":0},"end":{"line":10,"column":13}}},"fnMap":{"0":{"name":"(anonymous_1)","decl":{"start":{"line":12,"column":2},"end":{"line":12,"column":14}},"loc":{"start":{"line":12,"column":82},"end":{"line":16,"column":3}}},"1":{"name":"(anonymous_2)","decl":{"start":{"line":14,"column":39},"end":{"line":14,"column":48}},"loc":{"start":{"line":14,"column":53},"end":{"line":14,"column":99}}}},"branchMap":{},"s":{"0":1,"1":1,"2":1,"3":1,"4":0,"5":1,"6":1},"f":{"0":1,"1":0},"b":{}}
,"/Users/nicktaras/Documents/alphawallet/token-negotiator/src/outlet/outletService.ts": {"path":"/Users/nicktaras/Documents/alphawallet/token-negotiator/src/outlet/outletService.ts","statementMap":{"0":{"start":{"line":5,"column":0},"end":{"line":5,"column":null}},"1":{"start":{"line":13,"column":2},"end":{"line":20,"column":null}},"2":{"start":{"line":14,"column":4},"end":{"line":19,"column":null}},"3":{"start":{"line":16,"column":23},"end":{"line":16,"column":60}},"4":{"start":{"line":17,"column":8},"end":{"line":17,"column":44}},"5":{"start":{"line":18,"column":6},"end":{"line":18,"column":12}},"6":{"start":{"line":23,"column":2},"end":{"line":30,"column":null}},"7":{"start":{"line":25,"column":6},"end":{"line":28,"column":14}},"8":{"start":{"line":34,"column":0},"end":{"line":34,"column":29}}},"fnMap":{"0":{"name":"(anonymous_0)","decl":{"start":{"line":10,"column":2},"end":{"line":10,"column":17}},"loc":{"start":{"line":10,"column":2},"end":{"line":10,"column":18}}},"1":{"name":"(anonymous_1)","decl":{"start":{"line":13,"column":18},"end":{"line":13,"column":19}},"loc":{"start":{"line":13,"column":32},"end":{"line":20,"column":3}}},"2":{"name":"(anonymous_2)","decl":{"start":{"line":24,"column":16},"end":{"line":24,"column":17}},"loc":{"start":{"line":24,"column":32},"end":{"line":29,"column":5}}}},"branchMap":{"0":{"loc":{"start":{"line":15,"column":6},"end":{"line":18,"column":12}},"type":"switch","locations":[{"start":{"line":15,"column":6},"end":{"line":18,"column":12}}]}},"s":{"0":2,"1":3,"2":1,"3":1,"4":1,"5":1,"6":3,"7":1,"8":2},"f":{"0":3,"1":1,"2":1},"b":{"0":[1]}}
,"/Users/nicktaras/Documents/alphawallet/token-negotiator/src/utils/index.ts": {"path":"/Users/nicktaras/Documents/alphawallet/token-negotiator/src/utils/index.ts","statementMap":{"0":{"start":{"line":1,"column":30},"end":{"line":3,"column":1}},"1":{"start":{"line":2,"column":2},"end":{"line":2,"column":53}},"2":{"start":{"line":1,"column":13},"end":{"line":1,"column":30}},"3":{"start":{"line":5,"column":34},"end":{"line":8,"column":1}},"4":{"start":{"line":6,"column":2},"end":{"line":6,"column":87}},"5":{"start":{"line":7,"column":2},"end":{"line":7,"column":59}},"6":{"start":{"line":5,"column":13},"end":{"line":5,"column":34}}},"fnMap":{"0":{"name":"(anonymous_0)","decl":{"start":{"line":1,"column":30},"end":{"line":1,"column":31}},"loc":{"start":{"line":1,"column":51},"end":{"line":3,"column":1}}},"1":{"name":"(anonymous_1)","decl":{"start":{"line":5,"column":34},"end":{"line":5,"column":35}},"loc":{"start":{"line":5,"column":56},"end":{"line":8,"column":1}}}},"branchMap":{},"s":{"0":4,"1":5,"2":4,"3":4,"4":1,"5":1,"6":4},"f":{"0":5,"1":1},"b":{}}
}
