TN:
SF:src/core/index.ts
FN:7,(anonymous_0)
FN:17,(anonymous_1)
FN:19,(anonymous_2)
FN:32,(anonymous_3)
FN:40,(anonymous_4)
FN:59,(anonymous_5)
FN:60,(anonymous_6)
FN:68,(anonymous_7)
FN:69,(anonymous_8)
FN:76,(anonymous_9)
FN:87,(anonymous_10)
FN:97,(anonymous_11)
FN:98,(anonymous_12)
FN:110,(anonymous_13)
FN:112,(anonymous_14)
FN:124,(anonymous_15)
FNF:16
FNH:5
FNDA:2,(anonymous_0)
FNDA:6,(anonymous_1)
FNDA:6,(anonymous_2)
FNDA:1,(anonymous_3)
FNDA:0,(anonymous_4)
FNDA:0,(anonymous_5)
FNDA:0,(anonymous_6)
FNDA:0,(anonymous_7)
FNDA:0,(anonymous_8)
FNDA:0,(anonymous_9)
FNDA:0,(anonymous_10)
FNDA:0,(anonymous_11)
FNDA:0,(anonymous_12)
FNDA:0,(anonymous_13)
FNDA:1,(anonymous_14)
FNDA:0,(anonymous_15)
DA:2,3
DA:7,3
DA:9,2
DA:10,2
DA:11,2
DA:16,2
DA:17,2
DA:18,6
DA:19,6
DA:21,6
DA:23,6
DA:25,2
DA:27,0
DA:32,3
DA:33,1
DA:34,1
DA:35,1
DA:36,1
DA:37,1
DA:38,0
DA:39,0
DA:40,0
DA:41,0
DA:44,0
DA:45,0
DA:49,0
DA:51,0
DA:52,0
DA:55,1
DA:59,3
DA:60,0
DA:61,0
DA:62,0
DA:63,0
DA:68,3
DA:69,0
DA:70,0
DA:71,0
DA:72,0
DA:73,0
DA:74,0
DA:75,0
DA:76,0
DA:77,0
DA:81,0
DA:87,3
DA:97,0
DA:98,0
DA:99,0
DA:100,0
DA:101,0
DA:102,0
DA:106,0
DA:110,3
DA:112,3
DA:114,1
DA:115,1
DA:116,1
DA:117,1
DA:119,1
DA:121,0
DA:122,0
DA:124,0
DA:125,0
DA:126,0
DA:130,0
DA:132,0
LF:67
LH:29
BRDA:7,0,0,0
BRDA:9,1,0,0
BRDA:9,1,1,2
BRDA:11,2,0,2
BRDA:11,2,1,0
BRDA:12,3,0,2
BRDA:12,3,1,2
BRDA:12,3,2,2
BRDA:21,4,0,5
BRDA:21,4,1,1
BRDA:23,5,0,1
BRDA:23,5,1,5
BRDA:37,6,0,0
BRDA:37,6,1,1
BRDA:37,7,0,1
BRDA:37,7,1,0
BRDA:39,8,0,0
BRDA:39,8,1,0
BRDA:41,9,0,0
BRDA:41,9,1,0
BRDA:41,10,0,0
BRDA:41,10,1,0
BRDA:44,11,0,0
BRDA:44,11,1,0
BRDA:51,12,0,0
BRDA:51,12,1,0
BRDA:61,13,0,0
BRDA:61,13,1,0
BRDA:63,14,0,0
BRDA:63,14,1,0
BRDA:63,15,0,0
BRDA:63,15,1,0
BRDA:88,16,0,0
BRDA:89,17,0,0
BRDA:90,18,0,0
BRDA:91,19,0,0
BRDA:99,20,0,0
BRDA:99,20,1,0
BRDA:119,21,0,1
BRDA:119,21,1,0
BRDA:119,22,0,1
BRDA:119,22,1,0
BRDA:125,23,0,0
BRDA:125,23,1,0
BRDA:130,24,0,0
BRDA:130,24,1,0
BRF:46
BRH:13
end_of_record
TN:
SF:src/outlet/index.ts
FN:12,(anonymous_1)
FN:14,(anonymous_2)
FNF:2
FNH:1
FNDA:1,(anonymous_1)
FNDA:0,(anonymous_2)
DA:2,1
DA:5,1
DA:10,1
DA:13,1
DA:14,1
DA:15,1
LF:6
LH:6
BRF:0
BRH:0
end_of_record
TN:
SF:src/outlet/outletService.ts
FN:10,(anonymous_0)
FN:13,(anonymous_1)
FN:24,(anonymous_2)
FNF:3
FNH:3
FNDA:3,(anonymous_0)
FNDA:1,(anonymous_1)
FNDA:1,(anonymous_2)
DA:5,2
DA:13,3
DA:14,1
DA:16,1
DA:17,1
DA:18,1
DA:23,3
DA:25,1
DA:34,2
LF:9
LH:9
BRDA:15,0,0,1
BRF:1
BRH:1
end_of_record
TN:
SF:src/utils/index.ts
FN:1,(anonymous_0)
FN:5,(anonymous_1)
FNF:2
FNH:2
FNDA:5,(anonymous_0)
FNDA:1,(anonymous_1)
DA:1,4
DA:2,5
DA:5,4
DA:6,1
DA:7,1
LF:5
LH:5
BRF:0
BRH:0
end_of_record
